RedPacket/build/outputs/logs/manifest-merger-debug-report.txt
-- Merging decision tree log ---
manifest
ADDED from src/main/AndroidManifest.xml:1:1-136:12
INJECTED from src/main/AndroidManifest.xml:1:1-136:12
INJECTED from src/main/AndroidManifest.xml:1:1-136:12
INJECTED from src/main/AndroidManifest.xml:1:1-136:12
INJECTED from src/main/AndroidManifest.xml:1:1-136:12
INJECTED from src/main/AndroidManifest.xml:1:1-136:12
INJECTED from src/main/AndroidManifest.xml:1:1-136:12
	package
		ADDED from src/main/AndroidManifest.xml:2:11-38
		INJECTED from src/main/AndroidManifest.xml
		INJECTED from src/main/AndroidManifest.xml
	android:versionName
		INJECTED from src/main/AndroidManifest.xml
		ADDED from src/main/AndroidManifest.xml:1:1-136:12
		INJECTED from src/main/AndroidManifest.xml
	android:versionCode
		INJECTED from src/main/AndroidManifest.xml
		ADDED from src/main/AndroidManifest.xml:1:1-136:12
		INJECTED from src/main/AndroidManifest.xml
	xmlns:android
		ADDED from src/main/AndroidManifest.xml:1:11-69
application
ADDED from src/main/AndroidManifest.xml:14:5-134:19
activity#com.jrmf360.rylib.rp.ui.AddCardActivity
ADDED from src/main/AndroidManifest.xml:15:9-75
	android:name
		ADDED from src/main/AndroidManifest.xml:15:19-73
activity#com.jrmf360.rylib.rp.ui.AddCardFirsstActivity
ADDED from src/main/AndroidManifest.xml:16:9-18:51
	android:screenOrientation
		ADDED from src/main/AndroidManifest.xml:18:13-49
	android:name
		ADDED from src/main/AndroidManifest.xml:17:13-73
activity#com.jrmf360.rylib.rp.ui.AddCardSecondActivity
ADDED from src/main/AndroidManifest.xml:19:9-81
	android:name
		ADDED from src/main/AndroidManifest.xml:19:19-79
activity#com.jrmf360.rylib.rp.ui.BankCardListActivity
ADDED from src/main/AndroidManifest.xml:20:9-80
	android:name
		ADDED from src/main/AndroidManifest.xml:20:19-78
activity#com.jrmf360.rylib.rp.ui.EnBrowserActivity
ADDED from src/main/AndroidManifest.xml:21:9-22:71
	android:name
		ADDED from src/main/AndroidManifest.xml:22:13-69
activity#com.jrmf360.rylib.rp.ui.PayTypeActivity
ADDED from src/main/AndroidManifest.xml:23:9-26:57
	android:windowSoftInputMode
		ADDED from src/main/AndroidManifest.xml:26:13-55
	android:theme
		ADDED from src/main/AndroidManifest.xml:25:13-47
	android:name
		ADDED from src/main/AndroidManifest.xml:24:13-67
activity#com.jrmf360.rylib.rp.ui.RealNameActivity
ADDED from src/main/AndroidManifest.xml:27:9-29:51
	android:screenOrientation
		ADDED from src/main/AndroidManifest.xml:29:13-49
	android:name
		ADDED from src/main/AndroidManifest.xml:28:13-68
activity#com.jrmf360.rylib.rp.ui.ResetPswdActivity
ADDED from src/main/AndroidManifest.xml:30:9-32:51
	android:screenOrientation
		ADDED from src/main/AndroidManifest.xml:32:13-49
	android:name
		ADDED from src/main/AndroidManifest.xml:31:13-69
activity#com.jrmf360.rylib.rp.ui.SendGroupEnvelopesActivity
ADDED from src/main/AndroidManifest.xml:33:9-35:51
	android:screenOrientation
		ADDED from src/main/AndroidManifest.xml:35:13-49
	android:name
		ADDED from src/main/AndroidManifest.xml:34:13-78
activity#com.jrmf360.rylib.rp.ui.SendSingleEnvelopesActivity
ADDED from src/main/AndroidManifest.xml:36:9-38:51
	android:screenOrientation
		ADDED from src/main/AndroidManifest.xml:38:13-49
	android:name
		ADDED from src/main/AndroidManifest.xml:37:13-79
activity#com.jrmf360.rylib.rp.ui.SettingPswdActivity
ADDED from src/main/AndroidManifest.xml:39:9-41:51
	android:screenOrientation
		ADDED from src/main/AndroidManifest.xml:41:13-49
	android:name
		ADDED from src/main/AndroidManifest.xml:40:13-71
activity#com.jrmf360.rylib.rp.ui.RpDetailActivity
ADDED from src/main/AndroidManifest.xml:42:9-44:51
	android:screenOrientation
		ADDED from src/main/AndroidManifest.xml:44:13-49
	android:name
		ADDED from src/main/AndroidManifest.xml:43:13-68
activity#com.jrmf360.rylib.rp.ui.MyRpActivity
ADDED from src/main/AndroidManifest.xml:45:9-47:51
	android:screenOrientation
		ADDED from src/main/AndroidManifest.xml:47:13-49
	android:name
		ADDED from src/main/AndroidManifest.xml:46:13-64
activity#com.jrmf360.rylib.rp.ui.FindPwdByInfoActivity
ADDED from src/main/AndroidManifest.xml:48:9-50:51
	android:screenOrientation
		ADDED from src/main/AndroidManifest.xml:50:13-49
	android:name
		ADDED from src/main/AndroidManifest.xml:49:13-73
activity#com.jrmf360.rylib.wallet.ui.MyWalletActivity
ADDED from src/main/AndroidManifest.xml:53:9-55:51
	android:screenOrientation
		ADDED from src/main/AndroidManifest.xml:55:13-49
	android:name
		ADDED from src/main/AndroidManifest.xml:54:13-72
activity#com.jrmf360.rylib.wallet.ui.AccountInfoActivity
ADDED from src/main/AndroidManifest.xml:56:9-58:51
	android:screenOrientation
		ADDED from src/main/AndroidManifest.xml:58:13-49
	android:name
		ADDED from src/main/AndroidManifest.xml:57:13-75
activity#com.jrmf360.rylib.wallet.ui.TradeHistoryActivity
ADDED from src/main/AndroidManifest.xml:59:9-61:51
	android:screenOrientation
		ADDED from src/main/AndroidManifest.xml:61:13-49
	android:name
		ADDED from src/main/AndroidManifest.xml:60:13-76
activity#com.jrmf360.rylib.wallet.ui.SecureSettingActivity
ADDED from src/main/AndroidManifest.xml:62:9-64:51
	android:screenOrientation
		ADDED from src/main/AndroidManifest.xml:64:13-49
	android:name
		ADDED from src/main/AndroidManifest.xml:63:13-77
activity#com.jrmf360.rylib.wallet.ui.SetPayPwdActivity
ADDED from src/main/AndroidManifest.xml:65:9-67:51
	android:screenOrientation
		ADDED from src/main/AndroidManifest.xml:67:13-49
	android:name
		ADDED from src/main/AndroidManifest.xml:66:13-73
activity#com.jrmf360.rylib.wallet.ui.IdentityAuthenActivity
ADDED from src/main/AndroidManifest.xml:68:9-70:51
	android:screenOrientation
		ADDED from src/main/AndroidManifest.xml:70:13-49
	android:name
		ADDED from src/main/AndroidManifest.xml:69:13-78
activity#com.jrmf360.rylib.wallet.ui.UpdatePwdActivity
ADDED from src/main/AndroidManifest.xml:71:9-73:51
	android:screenOrientation
		ADDED from src/main/AndroidManifest.xml:73:13-49
	android:name
		ADDED from src/main/AndroidManifest.xml:72:13-73
activity#com.jrmf360.rylib.wallet.ui.GetPwdActivity
ADDED from src/main/AndroidManifest.xml:74:9-76:51
	android:screenOrientation
		ADDED from src/main/AndroidManifest.xml:76:13-49
	android:name
		ADDED from src/main/AndroidManifest.xml:75:13-70
activity#com.jrmf360.rylib.wallet.ui.SupportBankCardActivity
ADDED from src/main/AndroidManifest.xml:77:9-79:51
	android:screenOrientation
		ADDED from src/main/AndroidManifest.xml:79:13-49
	android:name
		ADDED from src/main/AndroidManifest.xml:78:13-79
activity#com.jrmf360.rylib.wallet.ui.BankSettingActivity
ADDED from src/main/AndroidManifest.xml:80:9-82:51
	android:screenOrientation
		ADDED from src/main/AndroidManifest.xml:82:13-49
	android:name
		ADDED from src/main/AndroidManifest.xml:81:13-75
activity#com.jrmf360.rylib.wallet.ui.AddCardSecondActivity
ADDED from src/main/AndroidManifest.xml:83:9-85:51
	android:screenOrientation
		ADDED from src/main/AndroidManifest.xml:85:13-49
	android:name
		ADDED from src/main/AndroidManifest.xml:84:13-77
activity#com.jrmf360.rylib.wallet.ui.AddCardFirstActivity
ADDED from src/main/AndroidManifest.xml:86:9-88:51
	android:screenOrientation
		ADDED from src/main/AndroidManifest.xml:88:13-49
	android:name
		ADDED from src/main/AndroidManifest.xml:87:13-76
activity#com.jrmf360.rylib.wallet.ui.RechargeActivity
ADDED from src/main/AndroidManifest.xml:89:9-91:51
	android:screenOrientation
		ADDED from src/main/AndroidManifest.xml:91:13-49
	android:name
		ADDED from src/main/AndroidManifest.xml:90:13-72
activity#com.jrmf360.rylib.wallet.ui.GetDepositActivity
ADDED from src/main/AndroidManifest.xml:93:9-96:69
	android:screenOrientation
		ADDED from src/main/AndroidManifest.xml:95:13-49
	android:windowSoftInputMode
		ADDED from src/main/AndroidManifest.xml:96:13-67
	android:name
		ADDED from src/main/AndroidManifest.xml:94:13-74
activity#com.jrmf360.rylib.wallet.ui.PwdCheckActivity
ADDED from src/main/AndroidManifest.xml:97:9-99:51
	android:screenOrientation
		ADDED from src/main/AndroidManifest.xml:99:13-49
	android:name
		ADDED from src/main/AndroidManifest.xml:98:13-72
activity#com.jrmf360.rylib.wallet.ui.MyRpActivity
ADDED from src/main/AndroidManifest.xml:100:9-102:51
	android:screenOrientation
		ADDED from src/main/AndroidManifest.xml:102:13-49
	android:name
		ADDED from src/main/AndroidManifest.xml:101:13-68
activity#com.jrmf360.rylib.wallet.ui.SelectSubBankActivity
ADDED from src/main/AndroidManifest.xml:103:9-105:51
	android:screenOrientation
		ADDED from src/main/AndroidManifest.xml:105:13-49
	android:name
		ADDED from src/main/AndroidManifest.xml:104:13-77
activity#com.jrmf360.rylib.wallet.ui.WebViewActivity
ADDED from src/main/AndroidManifest.xml:106:9-108:51
	android:screenOrientation
		ADDED from src/main/AndroidManifest.xml:108:13-49
	android:name
		ADDED from src/main/AndroidManifest.xml:107:13-71
activity#com.jrmf360.rylib.wallet.ui.TradeDetailActivity
ADDED from src/main/AndroidManifest.xml:109:9-111:51
	android:screenOrientation
		ADDED from src/main/AndroidManifest.xml:111:13-49
	android:name
		ADDED from src/main/AndroidManifest.xml:110:13-75
activity#com.alipay.sdk.app.H5PayActivity
ADDED from src/main/AndroidManifest.xml:117:9-124:20
	android:screenOrientation
		ADDED from src/main/AndroidManifest.xml:121:13-47
	android:windowSoftInputMode
		ADDED from src/main/AndroidManifest.xml:122:13-67
	android:exported
		ADDED from src/main/AndroidManifest.xml:120:13-37
	android:configChanges
		ADDED from src/main/AndroidManifest.xml:119:13-85
	android:name
		ADDED from src/main/AndroidManifest.xml:118:13-60
activity#com.alipay.sdk.auth.AuthActivity
ADDED from src/main/AndroidManifest.xml:125:9-131:20
	android:screenOrientation
		ADDED from src/main/AndroidManifest.xml:129:13-47
	android:exported
		ADDED from src/main/AndroidManifest.xml:128:13-37
	android:configChanges
		ADDED from src/main/AndroidManifest.xml:127:13-74
	android:name
		ADDED from src/main/AndroidManifest.xml:126:13-60
uses-sdk
INJECTED from src/main/AndroidManifest.xml reason: use-sdk injection requested
INJECTED from src/main/AndroidManifest.xml
INJECTED from src/main/AndroidManifest.xml
INJECTED from src/main/AndroidManifest.xml
INJECTED from src/main/AndroidManifest.xml
	android:targetSdkVersion
		INJECTED from src/main/AndroidManifest.xml
		ADDED from src/main/AndroidManifest.xml
		INJECTED from src/main/AndroidManifest.xml
	android:minSdkVersion
		INJECTED from src/main/AndroidManifest.xml
		ADDED from src/main/AndroidManifest.xml
		INJECTED from src/main/AndroidManifest.xml